# JRE version: OpenJDK Runtime Environment (8.0_212-b04) (build 1.8.0_212-release-1586-b04)
# Java VM: OpenJDK 64-Bit Server VM (25.212-b04 mixed mode windows-amd64 compressed oops)
Heap:
 PSYoungGen      total 194560K, used 129519K [0x00000000e0000000, 0x00000000eea00000, 0x0000000100000000)
  eden space 160768K, 72% used [0x00000000e0000000,0x00000000e7120d88,0x00000000e9d00000)
  from space 33792K, 40% used [0x00000000ec900000,0x00000000ed65b050,0x00000000eea00000)
  to   space 39424K, 0% used [0x00000000e9d00000,0x00000000e9d00000,0x00000000ec380000)
 ParOldGen       total 195584K, used 53116K [0x00000000a0000000, 0x00000000abf00000, 0x00000000e0000000)
  object space 195584K, 27% used [0x00000000a0000000,0x00000000a33df050,0x00000000abf00000)
 Metaspace       used 87948K, capacity 91524K, committed 91904K, reserved 1128448K
  class space    used 11447K, capacity 12141K, committed 12288K, reserved 1048576K
GC Heap History (10 events):
Event: 6257.510 GC heap before
{Heap before GC invocations=24 (full 3):
 PSYoungGen      total 146944K, used 146938K [0x00000000e0000000, 0x00000000ee600000, 0x0000000100000000)
  eden space 121856K, 100% used [0x00000000e0000000,0x00000000e7700000,0x00000000e7700000)
  from space 25088K, 99% used [0x00000000e9d00000,0x00000000eb57e978,0x00000000eb580000)
  to   space 38912K, 0% used [0x00000000e7700000,0x00000000e7700000,0x00000000e9d00000)
 ParOldGen       total 130560K, used 93788K [0x00000000a0000000, 0x00000000a7f80000, 0x00000000e0000000)
  object space 130560K, 71% used [0x00000000a0000000,0x00000000a5b97130,0x00000000a7f80000)
 Metaspace       used 86930K, capacity 90604K, committed 90880K, reserved 1128448K
  class space    used 11484K, capacity 12229K, committed 12288K, reserved 1048576K
Event: 6257.789 GC heap after
Heap after GC invocations=24 (full 3):
 PSYoungGen      total 160768K, used 13487K [0x00000000e0000000, 0x00000000ed000000, 0x0000000100000000)
  eden space 121856K, 0% used [0x00000000e0000000,0x00000000e0000000,0x00000000e7700000)
  from space 38912K, 34% used [0x00000000e7700000,0x00000000e842bca0,0x00000000e9d00000)
  to   space 36864K, 0% used [0x00000000eac00000,0x00000000eac00000,0x00000000ed000000)
 ParOldGen       total 130560K, used 111485K [0x00000000a0000000, 0x00000000a7f80000, 0x00000000e0000000)
  object space 130560K, 85% used [0x00000000a0000000,0x00000000a6cdf5d0,0x00000000a7f80000)
 Metaspace       used 86930K, capacity 90604K, committed 90880K, reserved 1128448K
  class space    used 11484K, capacity 12229K, committed 12288K, reserved 1048576K
}
Event: 6257.789 GC heap before
{Heap before GC invocations=25 (full 4):
 PSYoungGen      total 160768K, used 13487K [0x00000000e0000000, 0x00000000ed000000, 0x0000000100000000)
  eden space 121856K, 0% used [0x00000000e0000000,0x00000000e0000000,0x00000000e7700000)
  from space 38912K, 34% used [0x00000000e7700000,0x00000000e842bca0,0x00000000e9d00000)
  to   space 36864K, 0% used [0x00000000eac00000,0x00000000eac00000,0x00000000ed000000)
 ParOldGen       total 130560K, used 111485K [0x00000000a0000000, 0x00000000a7f80000, 0x00000000e0000000)
  object space 130560K, 85% used [0x00000000a0000000,0x00000000a6cdf5d0,0x00000000a7f80000)
 Metaspace       used 86930K, capacity 90604K, committed 90880K, reserved 1128448K
  class space    used 11484K, capacity 12229K, committed 12288K, reserved 1048576K
Event: 6259.498 GC heap after
Heap after GC invocations=25 (full 4):
 PSYoungGen      total 160768K, used 0K [0x00000000e0000000, 0x00000000ed000000, 0x0000000100000000)
  eden space 121856K, 0% used [0x00000000e0000000,0x00000000e0000000,0x00000000e7700000)
  from space 38912K, 0% used [0x00000000e7700000,0x00000000e7700000,0x00000000e9d00000)
  to   space 36864K, 0% used [0x00000000eac00000,0x00000000eac00000,0x00000000ed000000)
 ParOldGen       total 195584K, used 52307K [0x00000000a0000000, 0x00000000abf00000, 0x00000000e0000000)
  object space 195584K, 26% used [0x00000000a0000000,0x00000000a3314d30,0x00000000abf00000)
 Metaspace       used 86599K, capacity 89840K, committed 90880K, reserved 1128448K
  class space    used 11387K, capacity 12055K, committed 12288K, reserved 1048576K
}
Event: 6263.888 GC heap before
{Heap before GC invocations=26 (full 4):
 PSYoungGen      total 160768K, used 121856K [0x00000000e0000000, 0x00000000ed000000, 0x0000000100000000)
  eden space 121856K, 100% used [0x00000000e0000000,0x00000000e7700000,0x00000000e7700000)
  from space 38912K, 0% used [0x00000000e7700000,0x00000000e7700000,0x00000000e9d00000)
  to   space 36864K, 0% used [0x00000000eac00000,0x00000000eac00000,0x00000000ed000000)
 ParOldGen       total 195584K, used 52307K [0x00000000a0000000, 0x00000000abf00000, 0x00000000e0000000)
  object space 195584K, 26% used [0x00000000a0000000,0x00000000a3314d30,0x00000000abf00000)
 Metaspace       used 86837K, capacity 90214K, committed 91136K, reserved 1128448K
  class space    used 11399K, capacity 12064K, committed 12288K, reserved 1048576K
Event: 6264.028 GC heap after
Heap after GC invocations=26 (full 4):
 PSYoungGen      total 171008K, used 35322K [0x00000000e0000000, 0x00000000edf00000, 0x0000000100000000)
  eden space 134144K, 0% used [0x00000000e0000000,0x00000000e0000000,0x00000000e8300000)
  from space 36864K, 95% used [0x00000000eac00000,0x00000000ece7e990,0x00000000ed000000)
  to   space 41984K, 0% used [0x00000000e8300000,0x00000000e8300000,0x00000000eac00000)
 ParOldGen       total 195584K, used 52307K [0x00000000a0000000, 0x00000000abf00000, 0x00000000e0000000)
  object space 195584K, 26% used [0x00000000a0000000,0x00000000a3314d30,0x00000000abf00000)
 Metaspace       used 86837K, capacity 90214K, committed 91136K, reserved 1128448K
  class space    used 11399K, capacity 12064K, committed 12288K, reserved 1048576K
}
Event: 6265.798 GC heap before
{Heap before GC invocations=27 (full 4):
 PSYoungGen      total 171008K, used 166836K [0x00000000e0000000, 0x00000000edf00000, 0x0000000100000000)
  eden space 134144K, 98% used [0x00000000e0000000,0x00000000e806e9a0,0x00000000e8300000)
  from space 36864K, 95% used [0x00000000eac00000,0x00000000ece7e990,0x00000000ed000000)
  to   space 41984K, 0% used [0x00000000e8300000,0x00000000e8300000,0x00000000eac00000)
 ParOldGen       total 195584K, used 52307K [0x00000000a0000000, 0x00000000abf00000, 0x00000000e0000000)
  object space 195584K, 26% used [0x00000000a0000000,0x00000000a3314d30,0x00000000abf00000)
 Metaspace       used 86863K, capacity 90296K, committed 91136K, reserved 1128448K
  class space    used 11401K, capacity 12067K, committed 12288K, reserved 1048576K
Event: 6265.894 GC heap after
Heap after GC invocations=27 (full 4):
 PSYoungGen      total 176128K, used 6076K [0x00000000e0000000, 0x00000000ef180000, 0x0000000100000000)
  eden space 134144K, 0% used [0x00000000e0000000,0x00000000e0000000,0x00000000e8300000)
  from space 41984K, 14% used [0x00000000e8300000,0x00000000e88ef050,0x00000000eac00000)
  to   space 41472K, 0% used [0x00000000ec900000,0x00000000ec900000,0x00000000ef180000)
 ParOldGen       total 195584K, used 52307K [0x00000000a0000000, 0x00000000abf00000, 0x00000000e0000000)
  object space 195584K, 26% used [0x00000000a0000000,0x00000000a3314d30,0x00000000abf00000)
 Metaspace       used 86863K, capacity 90296K, committed 91136K, reserved 1128448K
  class space    used 11401K, capacity 12067K, committed 12288K, reserved 1048576K
}
Event: 6855.046 GC heap before
{Heap before GC invocations=28 (full 4):
 PSYoungGen      total 176128K, used 140220K [0x00000000e0000000, 0x00000000ef180000, 0x0000000100000000)
  eden space 134144K, 100% used [0x00000000e0000000,0x00000000e8300000,0x00000000e8300000)
  from space 41984K, 14% used [0x00000000e8300000,0x00000000e88ef050,0x00000000eac00000)
  to   space 41472K, 0% used [0x00000000ec900000,0x00000000ec900000,0x00000000ef180000)
 ParOldGen       total 195584K, used 52307K [0x00000000a0000000, 0x00000000abf00000, 0x00000000e0000000)
  object space 195584K, 26% used [0x00000000a0000000,0x00000000a3314d30,0x00000000abf00000)
 Metaspace       used 87277K, capacity 90924K, committed 91392K, reserved 1128448K
  class space    used 11436K, capacity 12129K, committed 12288K, reserved 1048576K
Event: 6855.222 GC heap after
Heap after GC invocations=28 (full 4):
 PSYoungGen      total 194560K, used 13676K [0x00000000e0000000, 0x00000000eea00000, 0x0000000100000000)
  eden space 160768K, 0% used [0x00000000e0000000,0x00000000e0000000,0x00000000e9d00000)
  from space 33792K, 40% used [0x00000000ec900000,0x00000000ed65b050,0x00000000eea00000)
  to   space 39424K, 0% used [0x00000000e9d00000,0x00000000e9d00000,0x00000000ec380000)
 ParOldGen       total 195584K, used 53116K [0x00000000a0000000, 0x00000000abf00000, 0x00000000e0000000)
  object space 195584K, 27% used [0x00000000a0000000,0x00000000a33df050,0x00000000abf00000)
 Metaspace       used 87277K, capacity 90924K, committed 91392K, reserved 1128448K
  class space    used 11436K, capacity 12129K, committed 12288K, reserved 1048576K
}

