# JRE version: OpenJDK Runtime Environment (8.0_212-b04) (build 1.8.0_212-release-1586-b04)
# Java VM: OpenJDK 64-Bit Server VM (25.212-b04 mixed mode windows-amd64 compressed oops)
Heap:
 PSYoungGen      total 291328K, used 250615K [0x00000000e0000000, 0x00000000f4c80000, 0x0000000100000000)
  eden space 259584K, 89% used [0x00000000e0000000,0x00000000ee3d7da0,0x00000000efd80000)
  from space 31744K, 54% used [0x00000000f2d80000,0x00000000f3e65fa8,0x00000000f4c80000)
  to   space 40448K, 0% used [0x00000000efd80000,0x00000000efd80000,0x00000000f2500000)
 ParOldGen       total 126976K, used 97498K [0x00000000a0000000, 0x00000000a7c00000, 0x00000000e0000000)
  object space 126976K, 76% used [0x00000000a0000000,0x00000000a5f36a10,0x00000000a7c00000)
 Metaspace       used 81477K, capacity 85317K, committed 85376K, reserved 1122304K
  class space    used 10812K, capacity 11602K, committed 11648K, reserved 1048576K
GC Heap History (10 events):
Event: 25.083 GC heap before
{Heap before GC invocations=15 (full 3):
 PSYoungGen      total 195584K, used 3650K [0x00000000e0000000, 0x00000000eda80000, 0x0000000100000000)
  eden space 176640K, 0% used [0x00000000e0000000,0x00000000e0000000,0x00000000eac80000)
  from space 18944K, 19% used [0x00000000ebf00000,0x00000000ec290a28,0x00000000ed180000)
  to   space 18944K, 0% used [0x00000000eac80000,0x00000000eac80000,0x00000000ebf00000)
 ParOldGen       total 83456K, used 33871K [0x00000000a0000000, 0x00000000a5180000, 0x00000000e0000000)
  object space 83456K, 40% used [0x00000000a0000000,0x00000000a2113ed8,0x00000000a5180000)
 Metaspace       used 57127K, capacity 59075K, committed 59096K, reserved 1099776K
  class space    used 7875K, capacity 8320K, committed 8320K, reserved 1048576K
Event: 25.461 GC heap after
Heap after GC invocations=15 (full 3):
 PSYoungGen      total 195584K, used 0K [0x00000000e0000000, 0x00000000eda80000, 0x0000000100000000)
  eden space 176640K, 0% used [0x00000000e0000000,0x00000000e0000000,0x00000000eac80000)
  from space 18944K, 0% used [0x00000000ebf00000,0x00000000ebf00000,0x00000000ed180000)
  to   space 18944K, 0% used [0x00000000eac80000,0x00000000eac80000,0x00000000ebf00000)
 ParOldGen       total 126976K, used 31240K [0x00000000a0000000, 0x00000000a7c00000, 0x00000000e0000000)
  object space 126976K, 24% used [0x00000000a0000000,0x00000000a1e822c0,0x00000000a7c00000)
 Metaspace       used 57103K, capacity 59005K, committed 59096K, reserved 1099776K
  class space    used 7867K, capacity 8307K, committed 8320K, reserved 1048576K
}
Event: 31.104 GC heap before
{Heap before GC invocations=16 (full 3):
 PSYoungGen      total 195584K, used 176640K [0x00000000e0000000, 0x00000000eda80000, 0x0000000100000000)
  eden space 176640K, 100% used [0x00000000e0000000,0x00000000eac80000,0x00000000eac80000)
  from space 18944K, 0% used [0x00000000ebf00000,0x00000000ebf00000,0x00000000ed180000)
  to   space 18944K, 0% used [0x00000000eac80000,0x00000000eac80000,0x00000000ebf00000)
 ParOldGen       total 126976K, used 31240K [0x00000000a0000000, 0x00000000a7c00000, 0x00000000e0000000)
  object space 126976K, 24% used [0x00000000a0000000,0x00000000a1e822c0,0x00000000a7c00000)
 Metaspace       used 62044K, capacity 64371K, committed 64640K, reserved 1105920K
  class space    used 8521K, capacity 9023K, committed 9088K, reserved 1048576K
Event: 31.119 GC heap after
Heap after GC invocations=16 (full 3):
 PSYoungGen      total 195584K, used 12225K [0x00000000e0000000, 0x00000000ef480000, 0x0000000100000000)
  eden space 176640K, 0% used [0x00000000e0000000,0x00000000e0000000,0x00000000eac80000)
  from space 18944K, 64% used [0x00000000eac80000,0x00000000eb8704e8,0x00000000ebf00000)
  to   space 19456K, 0% used [0x00000000ee180000,0x00000000ee180000,0x00000000ef480000)
 ParOldGen       total 126976K, used 31248K [0x00000000a0000000, 0x00000000a7c00000, 0x00000000e0000000)
  object space 126976K, 24% used [0x00000000a0000000,0x00000000a1e842c0,0x00000000a7c00000)
 Metaspace       used 62044K, capacity 64371K, committed 64640K, reserved 1105920K
  class space    used 8521K, capacity 9023K, committed 9088K, reserved 1048576K
}
Event: 38.281 GC heap before
{Heap before GC invocations=17 (full 3):
 PSYoungGen      total 195584K, used 188680K [0x00000000e0000000, 0x00000000ef480000, 0x0000000100000000)
  eden space 176640K, 99% used [0x00000000e0000000,0x00000000eac51d90,0x00000000eac80000)
  from space 18944K, 64% used [0x00000000eac80000,0x00000000eb8704e8,0x00000000ebf00000)
  to   space 19456K, 0% used [0x00000000ee180000,0x00000000ee180000,0x00000000ef480000)
 ParOldGen       total 126976K, used 31248K [0x00000000a0000000, 0x00000000a7c00000, 0x00000000e0000000)
  object space 126976K, 24% used [0x00000000a0000000,0x00000000a1e842c0,0x00000000a7c00000)
 Metaspace       used 72583K, capacity 75859K, committed 76160K, reserved 1114112K
  class space    used 9858K, capacity 10529K, committed 10624K, reserved 1048576K
Event: 38.545 GC heap after
Heap after GC invocations=17 (full 3):
 PSYoungGen      total 225792K, used 19425K [0x00000000e0000000, 0x00000000f0600000, 0x0000000100000000)
  eden space 206336K, 0% used [0x00000000e0000000,0x00000000e0000000,0x00000000ec980000)
  from space 19456K, 99% used [0x00000000ee180000,0x00000000ef4785e8,0x00000000ef480000)
  to   space 24576K, 0% used [0x00000000ec980000,0x00000000ec980000,0x00000000ee180000)
 ParOldGen       total 126976K, used 37337K [0x00000000a0000000, 0x00000000a7c00000, 0x00000000e0000000)
  object space 126976K, 29% used [0x00000000a0000000,0x00000000a2476408,0x00000000a7c00000)
 Metaspace       used 72583K, capacity 75859K, committed 76160K, reserved 1114112K
  class space    used 9858K, capacity 10529K, committed 10624K, reserved 1048576K
}
Event: 42.001 GC heap before
{Heap before GC invocations=18 (full 3):
 PSYoungGen      total 225792K, used 225761K [0x00000000e0000000, 0x00000000f0600000, 0x0000000100000000)
  eden space 206336K, 100% used [0x00000000e0000000,0x00000000ec980000,0x00000000ec980000)
  from space 19456K, 99% used [0x00000000ee180000,0x00000000ef4785e8,0x00000000ef480000)
  to   space 24576K, 0% used [0x00000000ec980000,0x00000000ec980000,0x00000000ee180000)
 ParOldGen       total 126976K, used 37337K [0x00000000a0000000, 0x00000000a7c00000, 0x00000000e0000000)
  object space 126976K, 29% used [0x00000000a0000000,0x00000000a2476408,0x00000000a7c00000)
 Metaspace       used 74033K, capacity 77407K, committed 77696K, reserved 1116160K
  class space    used 10047K, capacity 10755K, committed 10880K, reserved 1048576K
Event: 42.174 GC heap after
Heap after GC invocations=18 (full 3):
 PSYoungGen      total 230912K, used 24553K [0x00000000e0000000, 0x00000000f5780000, 0x0000000100000000)
  eden space 206336K, 0% used [0x00000000e0000000,0x00000000e0000000,0x00000000ec980000)
  from space 24576K, 99% used [0x00000000ec980000,0x00000000ee17a728,0x00000000ee180000)
  to   space 43008K, 0% used [0x00000000f2d80000,0x00000000f2d80000,0x00000000f5780000)
 ParOldGen       total 126976K, used 77478K [0x00000000a0000000, 0x00000000a7c00000, 0x00000000e0000000)
  object space 126976K, 61% used [0x00000000a0000000,0x00000000a4ba9b28,0x00000000a7c00000)
 Metaspace       used 74033K, capacity 77407K, committed 77696K, reserved 1116160K
  class space    used 10047K, capacity 10755K, committed 10880K, reserved 1048576K
}
Event: 113.172 GC heap before
{Heap before GC invocations=19 (full 3):
 PSYoungGen      total 230912K, used 230889K [0x00000000e0000000, 0x00000000f5780000, 0x0000000100000000)
  eden space 206336K, 100% used [0x00000000e0000000,0x00000000ec980000,0x00000000ec980000)
  from space 24576K, 99% used [0x00000000ec980000,0x00000000ee17a728,0x00000000ee180000)
  to   space 43008K, 0% used [0x00000000f2d80000,0x00000000f2d80000,0x00000000f5780000)
 ParOldGen       total 126976K, used 77478K [0x00000000a0000000, 0x00000000a7c00000, 0x00000000e0000000)
  object space 126976K, 61% used [0x00000000a0000000,0x00000000a4ba9b28,0x00000000a7c00000)
 Metaspace       used 80677K, capacity 84361K, committed 84608K, reserved 1122304K
  class space    used 10768K, capacity 11550K, committed 11648K, reserved 1048576K
Event: 113.741 GC heap after
Heap after GC invocations=19 (full 3):
 PSYoungGen      total 291328K, used 17303K [0x00000000e0000000, 0x00000000f4c80000, 0x0000000100000000)
  eden space 259584K, 0% used [0x00000000e0000000,0x00000000e0000000,0x00000000efd80000)
  from space 31744K, 54% used [0x00000000f2d80000,0x00000000f3e65fa8,0x00000000f4c80000)
  to   space 40448K, 0% used [0x00000000efd80000,0x00000000efd80000,0x00000000f2500000)
 ParOldGen       total 126976K, used 97498K [0x00000000a0000000, 0x00000000a7c00000, 0x00000000e0000000)
  object space 126976K, 76% used [0x00000000a0000000,0x00000000a5f36a10,0x00000000a7c00000)
 Metaspace       used 80677K, capacity 84361K, committed 84608K, reserved 1122304K
  class space    used 10768K, capacity 11550K, committed 11648K, reserved 1048576K
}

